  [4;36;1mSQL (0.2ms)[0m   [0;1mSET NAMES 'utf8'[0m
  [4;35;1mSQL (0.1ms)[0m   [0mSET SQL_AUTO_IS_NULL=0[0m
  [4;36;1mSQL (0.2ms)[0m   [0;1mSET NAMES 'utf8'[0m
  [4;35;1mSQL (0.1ms)[0m   [0mSET SQL_AUTO_IS_NULL=0[0m
  [4;36;1mSQL (0.6ms)[0m   [0;1mSHOW TABLES[0m
  [4;35;1mSQL (102.5ms)[0m   [0mCREATE TABLE `schema_migrations` (`version` varchar(255) NOT NULL) ENGINE=InnoDB[0m
  [4;36;1mSQL (346.9ms)[0m   [0;1mCREATE UNIQUE INDEX `unique_schema_migrations` ON `schema_migrations` (`version`)[0m
  [4;35;1mSQL (0.6ms)[0m   [0mSHOW TABLES[0m
  [4;36;1mSQL (1.9ms)[0m   [0;1mSELECT version FROM schema_migrations[0m
Migrating to CreateUsers (1)
  [4;35;1mSQL (251.8ms)[0m   [0mCREATE TABLE `users` (`id` int(11) DEFAULT NULL auto_increment PRIMARY KEY, `created_at` datetime, `updated_at` datetime, `login` varchar(255) NOT NULL, `email` varchar(255) NOT NULL, `crypted_password` varchar(255) NOT NULL, `password_salt` varchar(255) NOT NULL, `persistence_token` varchar(255) NOT NULL, `login_count` int(11) DEFAULT 0 NOT NULL, `last_request_at` datetime, `last_login_at` datetime, `current_login_at` datetime, `last_login_ip` varchar(255), `current_login_ip` varchar(255)) ENGINE=InnoDB[0m
  [4;36;1mSQL (150.1ms)[0m   [0;1mCREATE INDEX `index_users_on_login` ON `users` (`login`)[0m
  [4;35;1mSQL (135.5ms)[0m   [0mCREATE INDEX `index_users_on_email` ON `users` (`email`)[0m
  [4;36;1mSQL (164.9ms)[0m   [0;1mCREATE INDEX `index_users_on_persistence_token` ON `users` (`persistence_token`)[0m
  [4;35;1mSQL (133.7ms)[0m   [0mCREATE INDEX `index_users_on_last_request_at` ON `users` (`last_request_at`)[0m
  [4;36;1mSQL (1.1ms)[0m   [0;1mINSERT INTO schema_migrations (version) VALUES ('1')[0m
Migrating to CreateSessions (20100517083456)
  [4;35;1mSQL (130.8ms)[0m   [0mCREATE TABLE `sessions` (`id` int(11) DEFAULT NULL auto_increment PRIMARY KEY, `session_id` varchar(255) NOT NULL, `data` text, `created_at` datetime, `updated_at` datetime) ENGINE=InnoDB[0m
  [4;36;1mSQL (213.3ms)[0m   [0;1mCREATE INDEX `index_sessions_on_session_id` ON `sessions` (`session_id`)[0m
  [4;35;1mSQL (134.5ms)[0m   [0mCREATE INDEX `index_sessions_on_updated_at` ON `sessions` (`updated_at`)[0m
  [4;36;1mSQL (3.8ms)[0m   [0;1mINSERT INTO schema_migrations (version) VALUES ('20100517083456')[0m
  [4;35;1mSQL (0.5ms)[0m   [0mSHOW TABLES[0m
  [4;36;1mSQL (0.2ms)[0m   [0;1mSELECT version FROM schema_migrations[0m
  [4;35;1mSQL (0.3ms)[0m   [0mSHOW TABLES[0m
  [4;36;1mSQL (1.3ms)[0m   [0;1mSHOW FIELDS FROM `sessions`[0m
  [4;35;1mSQL (2.6ms)[0m   [0mdescribe `sessions`[0m
  [4;36;1mSQL (0.9ms)[0m   [0;1mSHOW KEYS FROM `sessions`[0m
  [4;35;1mSQL (1.4ms)[0m   [0mSHOW FIELDS FROM `users`[0m
  [4;36;1mSQL (5.0ms)[0m   [0;1mdescribe `users`[0m
  [4;35;1mSQL (0.6ms)[0m   [0mSHOW KEYS FROM `users`[0m
  [4;36;1mSQL (0.2ms)[0m   [0;1mSET NAMES 'utf8'[0m
  [4;35;1mSQL (0.1ms)[0m   [0mSET SQL_AUTO_IS_NULL=0[0m
  [4;36;1mUser Columns (2.0ms)[0m   [0;1mSHOW FIELDS FROM `users`[0m
